[17:35:06.259] [INFO] Storybook Upgrade - v10.0.2
[17:35:06.316] [INFO] detect-projects-spinner-start: Detecting projects...
[17:35:06.318] [DEBUG] Finding Storybook projects...
[17:35:06.752] [DEBUG] Found 1 Storybook projects
[17:35:06.754] [INFO] detect-projects-spinner: Detecting projects: 1 projects
[17:35:06.754] [DEBUG] Getting Storybook data...
[17:35:06.754] [DEBUG] Getting Storybook info...
[17:35:06.762] [DEBUG] Loading main config...
[17:35:07.147] [DEBUG] Getting stories paths...
[17:35:07.168] [DEBUG] Getting package manager...
[17:35:07.485] [DEBUG] Getting Storybook version...
[17:35:07.486] [DEBUG] C:/github/BloomDesktop/src/BloomBrowserUI/.storybook - Validating before version... 9.1.16
[17:35:07.486] [DEBUG] C:/github/BloomDesktop/src/BloomBrowserUI/.storybook - Validating upgrade compatibility...
[17:35:07.486] [DEBUG] C:/github/BloomDesktop/src/BloomBrowserUI/.storybook - Fetching NPM version information...
[17:35:07.486] [DEBUG] Getting CLI versions from NPM for storybook...
[17:35:07.503] [DEBUG] Getting CLI versions from NPM for storybook@next...
[17:35:08.718] [DEBUG] C:/github/BloomDesktop/src/BloomBrowserUI/.storybook - Evaluating blockers...
[17:35:08.729] [DEBUG] Getting installed version for @storybook/experimental-addon-test...
[17:35:09.306] [INFO] detect-projects-spinner-stop: 1 project detected
[17:35:09.307] [DEBUG] Found 1 valid projects and 0 error projects
[17:35:09.307] [INFO] Upgrading from 9.1.16 to 10.0.2
[17:35:09.357] [INFO] upgrade-dependencies-task-start: Fetching versions to update package.json files..
[17:35:09.357] [DEBUG] Updating dependencies in C:/github/BloomDesktop/src/BloomBrowserUI/.storybook...
[17:35:09.396] [INFO] upgrade-dependencies-task: C:/github/BloomDesktop/src/BloomBrowserUI/package.json
[17:35:09.397] [DEBUG] Getting CLI versions from NPM for @chromatic-com/storybook...
[17:35:09.819] [DEBUG] {
  "upgradedDependencies": []
}
[17:35:09.819] [DEBUG] {
  "upgradedDevDependencies": [
    "@storybook/addon-a11y@10.0.2",
    "@storybook/addon-docs@10.0.2",
    "@storybook/react-vite@10.0.2",
    "storybook@10.0.2",
    "eslint-plugin-storybook@10.0.2",
    "@chromatic-com/storybook@4.1.2"
  ]
}
[17:35:09.819] [DEBUG] {
  "upgradedPeerDependencies": []
}
[17:35:09.821] [DEBUG] Getting CLI versions from NPM for @storybook/addon-a11y...
[17:35:10.878] [DEBUG] Getting CLI versions from NPM for @storybook/addon-docs...
[17:35:11.682] [DEBUG] Getting CLI versions from NPM for @storybook/react-vite...
[17:35:12.342] [DEBUG] Using cached version for storybook...
[17:35:12.342] [DEBUG] Getting CLI versions from NPM for eslint-plugin-storybook...
[17:35:12.726] [DEBUG] Using cached version for @chromatic-com/storybook...
[17:35:12.728] [INFO] upgrade-dependencies-task-success: Updated package versions in package.json files
[17:35:12.729] [INFO] detect-automigrations-task-start: Detecting automigrations...
[17:35:12.729] [DEBUG] Starting automigration collection across 1 projects and 18 fixes...
[17:35:12.774] [INFO] detect-automigrations-task: Checking automigrations for
C:/github/BloomDesktop/src/BloomBrowserUI/.storybook...
[17:35:12.774] [DEBUG] Processing project: C:/github/BloomDesktop/src/BloomBrowserUI/.storybook
[17:35:12.774] [DEBUG] Checking fix eslintPlugin for project C:/github/BloomDesktop/src/BloomBrowserUI/.storybook...
[17:35:12.775] [DEBUG] Checking fix addon-mdx-gfm-remove for project C:/github/BloomDesktop/src/BloomBrowserUI/.storybook...
[17:35:12.776] [DEBUG] Checking fix addon-storysource-code-panel for project C:/github/BloomDesktop/src/BloomBrowserUI/.storybook...
[17:35:12.776] [DEBUG] Checking fix upgrade-storybook-related-dependencies for project C:/github/BloomDesktop/src/BloomBrowserUI/.storybook...
[17:35:12.776] [DEBUG] Checking for incompatible storybook packages...
[17:35:12.778] [DEBUG] Getting installed version for @chromatic-com/storybook...
[17:35:17.043] [DEBUG] Using cached version for @chromatic-com/storybook...
[17:35:17.043] [DEBUG] Checking fix initial-globals for project C:/github/BloomDesktop/src/BloomBrowserUI/.storybook...
[17:35:17.066] [DEBUG] Checking fix addon-globals-api for project C:/github/BloomDesktop/src/BloomBrowserUI/.storybook...
[17:35:17.070] [DEBUG] Checking fix addon-a11y-addon-test for project C:/github/BloomDesktop/src/BloomBrowserUI/.storybook...
[17:35:17.070] [DEBUG] Checking fix consolidated-imports for project C:/github/BloomDesktop/src/BloomBrowserUI/.storybook...
[17:35:17.071] [DEBUG] Checking fix addon-experimental-test for project C:/github/BloomDesktop/src/BloomBrowserUI/.storybook...
[17:35:17.071] [DEBUG] Using cached installed version for @storybook/experimental-addon-test...
[17:35:17.071] [DEBUG] Checking fix rnstorybook-config for project C:/github/BloomDesktop/src/BloomBrowserUI/.storybook...
[17:35:17.071] [DEBUG] Checking fix migrate-addon-console for project C:/github/BloomDesktop/src/BloomBrowserUI/.storybook...
[17:35:17.072] [DEBUG] Checking fix remove-addon-interactions for project C:/github/BloomDesktop/src/BloomBrowserUI/.storybook...
[17:35:17.072] [DEBUG] Checking fix renderer-to-framework for project C:/github/BloomDesktop/src/BloomBrowserUI/.storybook...
[17:35:17.072] [DEBUG] Checking fix remove-essential-addons for project C:/github/BloomDesktop/src/BloomBrowserUI/.storybook...
[17:35:17.073] [DEBUG] Checking fix addon-a11y-parameters for project C:/github/BloomDesktop/src/BloomBrowserUI/.storybook...
[17:35:17.074] [DEBUG] Checking fix remove-docs-autodocs for project C:/github/BloomDesktop/src/BloomBrowserUI/.storybook...
[17:35:17.081] [DEBUG] Checking fix wrap-getAbsolutePath for project C:/github/BloomDesktop/src/BloomBrowserUI/.storybook...
[17:35:17.086] [DEBUG] Checking fix fix-faux-esm-require for project C:/github/BloomDesktop/src/BloomBrowserUI/.storybook...
[17:35:17.127] [INFO] detect-automigrations-task: 
Automigrations detected:
[17:35:17.127] [INFO] detect-automigrations-task-success: No automigrations detected
[17:35:17.128] [DEBUG] Completed automigrations for C:/github/BloomDesktop/src/BloomBrowserUI/.storybook
[17:35:17.129] [INFO] Installing dependencies...
[17:35:17.129] [INFO] install-dependencies-task-start: Installing dependencies...
[17:35:17.298] [INFO] yarn install v1.22.22
[17:35:17.345] [INFO] install-dependencies-task: yarn install v1.22.22
[17:35:17.375] [INFO] [1/5] Validating package.json...
[17:35:17.442] [INFO] install-dependencies-task: [1/5] Validating package.json...
[17:35:17.443] [INFO] [2/5] Resolving packages...
[17:35:17.525] [INFO] install-dependencies-task: [2/5] Resolving packages...
[17:35:19.645] [INFO] [3/5] Fetching packages...
[17:35:19.690] [INFO] install-dependencies-task: [3/5] Fetching packages...
[17:35:21.021] [INFO] [4/5] Linking dependencies...
[17:35:21.086] [INFO] install-dependencies-task: [4/5] Linking dependencies...
[17:35:30.997] [INFO] info Visit https://yarnpkg.com/en/docs/cli/install for documentation about this command.
[17:35:31.081] [INFO] install-dependencies-task: info Visit https://yarnpkg.com/en/docs/cli/install for documentation about this
command.
[17:35:31.096] [ERROR] An error occurred while installing dependencies. {"error":"Error: Command failed with exit code 1: yarn install --ignore-workspace-root-check\nwarning \" > react-table@6.11.5\" has incorrect peer dependency \"react@^16.x.x\".\nwarning \" > react-table@6.11.5\" has incorrect peer dependency \"react-dom@^16.x.x\".\nwarning \"storybook > @testing-library/user-event@14.6.1\" has unmet peer dependency \"@testing-library/dom@>=7.21.4\".\nerror Error: EPERM: operation not permitted, unlink 'C:\\github\\BloomDesktop\\src\\BloomBrowserUI\\node_modules\\@esbuild\\win32-x64\\esbuild.exe'\nyarn install v1.22.22\n[1/5] Validating package.json...\n[2/5] Resolving packages...\n[3/5] Fetching packages...\n[4/5] Linking dependencies...\ninfo Visit https://yarnpkg.com/en/docs/cli/install for documentation about this command.\n    at makeError (file:///C:/Users/Thomson/AppData/Local/npm-cache/_npx/f9ec130c31b72f61/node_modules/storybook/dist/_node-chunks/chunk-AQXXWN5J.js:3655:13)\n    at handlePromise (file:///C:/Users/Thomson/AppData/Local/npm-cache/_npx/f9ec130c31b72f61/node_modules/storybook/dist/_node-chunks/chunk-AQXXWN5J.js:4586:29)\n    at process.processTicksAndRejections (node:internal/process/task_queues:105:5)\n    at async Object.executeTask (file:///C:/Users/Thomson/AppData/Local/npm-cache/_npx/f9ec130c31b72f61/node_modules/storybook/dist/node-logger/index.js:4373:7)\n    at async Yarn1Proxy.installDependencies (file:///C:/Users/Thomson/AppData/Local/npm-cache/_npx/f9ec130c31b72f61/node_modules/storybook/dist/_node-chunks/chunk-TLGQ3DFY.js:11249:5)\n    at async file:///C:/Users/Thomson/AppData/Local/npm-cache/_npx/f9ec130c31b72f61/node_modules/@storybook/cli/dist/_node-chunks/run-QD3GX4H4.js:11232:11\n    at async withTelemetry (file:///C:/Users/Thomson/AppData/Local/npm-cache/_npx/f9ec130c31b72f61/node_modules/storybook/dist/_node-chunks/chunk-CJ3GT3HG.js:278:12)\n    at async upgrade (file:///C:/Users/Thomson/AppData/Local/npm-cache/_npx/f9ec130c31b72f61/node_modules/@storybook/cli/dist/_node-chunks/run-QD3GX4H4.js:11142:3)\n    at async Command.<anonymous> (file:///C:/Users/Thomson/AppData/Local/npm-cache/_npx/f9ec130c31b72f61/node_modules/@storybook/cli/dist/_node-chunks/run-QD3GX4H4.js:11392:3)"}
[17:35:31.096] [ERROR] install-dependencies-task-error: An error occurred while installing dependencies.
[17:35:31.097] [ERROR] Error: Command failed with exit code 1: yarn install --ignore-workspace-root-check
warning " > react-table@6.11.5" has incorrect peer dependency "react@^16.x.x".
warning " > react-table@6.11.5" has incorrect peer dependency "react-dom@^16.x.x".
warning "storybook > @testing-library/user-event@14.6.1" has unmet peer dependency "@testing-library/dom@>=7.21.4".
error Error: EPERM: operation not permitted, unlink '.\node_modules\@esbuild\win32-x64\esbuild.exe'
yarn install v1.22.22
[1/5] Validating package.json...
[2/5] Resolving packages...
[3/5] Fetching packages...
[4/5] Linking dependencies...
info Visit https://yarnpkg.com/en/docs/cli/install for documentation about this command.
    at makeError (file:///C:/Users/Thomson/AppData/Local/npm-cache/_npx/f9ec130c31b72f61/node_modules/storybook/dist/_node-chunks/chunk-AQXXWN5J.js:3655:13)
    at handlePromise (file:///C:/Users/Thomson/AppData/Local/npm-cache/_npx/f9ec130c31b72f61/node_modules/storybook/dist/_node-chunks/chunk-AQXXWN5J.js:4586:29)
    at process.processTicksAndRejections (node:internal/process/task_queues:105:5)
    at async Object.executeTask (file:///C:/Users/Thomson/AppData/Local/npm-cache/_npx/f9ec130c31b72f61/node_modules/storybook/dist/node-logger/index.js:4373:7)
    at async Yarn1Proxy.installDependencies (file:///C:/Users/Thomson/AppData/Local/npm-cache/_npx/f9ec130c31b72f61/node_modules/storybook/dist/_node-chunks/chunk-TLGQ3DFY.js:11249:5)
    at async file:///C:/Users/Thomson/AppData/Local/npm-cache/_npx/f9ec130c31b72f61/node_modules/@storybook/cli/dist/_node-chunks/run-QD3GX4H4.js:11232:11
    at async withTelemetry (file:///C:/Users/Thomson/AppData/Local/npm-cache/_npx/f9ec130c31b72f61/node_modules/storybook/dist/_node-chunks/chunk-CJ3GT3HG.js:278:12)
    at async upgrade (file:///C:/Users/Thomson/AppData/Local/npm-cache/_npx/f9ec130c31b72f61/node_modules/@storybook/cli/dist/_node-chunks/run-QD3GX4H4.js:11142:3)
    at async Command.<anonymous> (file:///C:/Users/Thomson/AppData/Local/npm-cache/_npx/f9ec130c31b72f61/node_modules/@storybook/cli/dist/_node-chunks/run-QD3GX4H4.js:11392:3)
[17:35:31.605] [ERROR] Error: Command failed with exit code 1: yarn install --ignore-workspace-root-check
warning " > react-table@6.11.5" has incorrect peer dependency "react@^16.x.x".
warning " > react-table@6.11.5" has incorrect peer dependency "react-dom@^16.x.x".
warning "storybook > @testing-library/user-event@14.6.1" has unmet peer dependency "@testing-library/dom@>=7.21.4".
error Error: EPERM: operation not permitted, unlink '.\node_modules\@esbuild\win32-x64\esbuild.exe'
yarn install v1.22.22
[1/5] Validating package.json...
[2/5] Resolving packages...
[3/5] Fetching packages...
[4/5] Linking dependencies...
info Visit https://yarnpkg.com/en/docs/cli/install for documentation about this command.